
> assignment5@1.3.0 eslint F:\fiver\nodejs\Order #FO5F36604383\assignment5
> eslint src/**/*.js


F:\fiver\nodejs\Order #FO5F36604383\assignment5\src\script.js
  193:10  error    'allProducts' is defined but never used     no-unused-vars
  238:10  error    'expander' is defined but never used        no-unused-vars
  250:10  error    'showOrderID' is defined but never used     no-unused-vars
  255:10  error    'hideOrderID' is defined but never used     no-unused-vars
  260:10  error    'addFooter' is defined but never used       no-unused-vars
  292:10  error    'validateForm' is defined but never used    no-unused-vars
  295:7   error    'regex' is assigned a value but never used  no-unused-vars
  299:10  warning  Unnecessary 'else' after 'return'           no-else-return
  307:10  warning  Unnecessary 'else' after 'return'           no-else-return
  315:10  warning  Unnecessary 'else' after 'return'           no-else-return
  322:10  warning  Unnecessary 'else' after 'return'           no-else-return
  329:10  warning  Unnecessary 'else' after 'return'           no-else-return
  336:10  warning  Unnecessary 'else' after 'return'           no-else-return
  345:12  warning  Unnecessary 'else' after 'return'           no-else-return
  352:10  error    'search' is defined but never used          no-unused-vars
  361:5   warning  Unexpected alert                            no-alert

âœ– 16 problems (8 errors, 8 warnings)
  0 errors and 7 warnings potentially fixable with the `--fix` option.

npm ERR! code ELIFECYCLE
npm ERR! errno 1
npm ERR! assignment5@1.3.0 eslint: `eslint src/**/*.js`
npm ERR! Exit status 1
npm ERR! 
npm ERR! Failed at the assignment5@1.3.0 eslint script.
npm ERR! This is probably not a problem with npm. There is likely additional logging output above.

npm ERR! A complete log of this run can be found in:
npm ERR!     C:\Users\Syed Ishtiaq\AppData\Roaming\npm-cache\_logs\2020-12-07T08_57_11_159Z-debug.log
